
ROM used:   1072/33788 (3%)
            1072/33788 (3%) including unused fragments

            1.0 Average locations per line
            17.3 Average locations per statement

RAM used:   162/8192 (2%) at main() level
            176/8192 (2%) worst case

Stack size: 128

Lines Stmts  %   Files
----- ----- ---  -----
  130    62 100  serialcom.c
  862     0   0  ..\..\..\..\..\..\..\Program Files (x86)\PICC\devices\24FJ48GA002.h
   32     0   0  BL_Support.h
----- -----
 1024    62 Total

Page ROM  %  RAM   Vol Diff  Functions:
---- --- --- ---   --- ----  ----------
0    110   5    5   497  5.7  SM_RxD
0     50   2    2    40  1.7  UART1_Isr
0     28   1    0    35  1.1  setHome
0     18   1    0             @const759
0     28   1    0    35  1.1  setPosXY
0     28   1    0    35  1.1  setPosZ
0     54   3    4   254  6.5  sumCheck
0    228  11    0   511  6.8  MAIN
0     20   1    0             @const772
 Inline         0             @cinit1

Program metrics:
    Functions               7
    Statements              62
    Comments                181
    Volume (V)              2031
    Difficulty (D)          23.8
    Effort to implement (E) 48413
    Time to implement (T)   45 minutes
    Est Delivered Bugs (B)  0
    Cyclomatic Complexity   14
    Maintainability (MI)    156

 Segment     Used  Free
-----------  ----  ----
00000-00BFE     0  3072  
00C00-00C02     4  0  
00C04-00DFA   504  0  
00DFC-083FA   564  29644  



